<?xml version="1.0" encoding="UTF-8"?>
<testng-results skipped="0" failed="0" total="1" passed="1">
  <reporter-output>
  </reporter-output>
  <suite name="Default suite" duration-ms="25" started-at="2014-09-28T02:46:11Z" finished-at="2014-09-28T02:46:11Z">
    <groups>
    </groups>
    <test name="Default test" duration-ms="25" started-at="2014-09-28T02:46:11Z" finished-at="2014-09-28T02:46:11Z">
      <class name="org.selenium.home.TestHome">
        <test-method status="PASS" signature="HomeCall()[pri:0, instance:org.selenium.home.TestHome@3a8c5214]" name="HomeCall" duration-ms="12" started-at="2014-09-27T22:46:11Z" finished-at="2014-09-27T22:46:11Z">
          <reporter-output>
          </reporter-output>
        </test-method> <!-- HomeCall -->
      </class> <!-- org.selenium.home.TestHome -->
    </test> <!-- Default test -->
  </suite> <!-- Default suite -->
</testng-results>
